22:12:59:525 [main] INFO  com.assignment.core.multithreading.MultiThreadingDemo - Thread-1 - State: NEW
22:12:59:527 [main] INFO  com.assignment.core.multithreading.MultiThreadingDemo - Thread-2 - State: NEW
22:12:59:528 [main] INFO  com.assignment.core.multithreading.MultiThreadingDemo - Thread-1 - State: RUNNABLE
22:12:59:528 [main] INFO  com.assignment.core.multithreading.MultiThreadingDemo - Thread-2 - State: RUNNABLE
22:12:59:528 [Thread-1] INFO  com.assignment.core.multithreading.MTDTask - Thread-1 - State: RUNNABLE
22:12:59:528 [Thread-2] INFO  com.assignment.core.multithreading.MTDTask - Thread-2 - State: RUNNABLE
22:12:59:530 [Thread-1] INFO  com.assignment.core.multithreading.MTDTask - Thread-1 - Count: 0
22:12:59:530 [Thread-2] INFO  com.assignment.core.multithreading.MTDTask - Thread-2 - Count: 0
22:13:00:532 [Thread-1] INFO  com.assignment.core.multithreading.MTDTask - Thread-1 - Count: 1000
22:13:01:535 [Thread-1] INFO  com.assignment.core.multithreading.MTDTask - Thread-1 - Count: 2000
22:13:01:551 [Thread-2] INFO  com.assignment.core.multithreading.MTDTask - Thread-2 - Count: 2000
22:13:02:547 [Thread-1] INFO  com.assignment.core.multithreading.MTDTask - Thread-1 - Count: 3000
22:13:03:561 [Thread-2] INFO  com.assignment.core.multithreading.MTDTask - Thread-2 - Count: 4000
22:13:03:561 [Thread-1] INFO  com.assignment.core.multithreading.MTDTask - Thread-1 - Count: 4000
22:13:03:629 [main] INFO  com.assignment.core.multithreading.ThreadPoolExecutorDemo - ---------------------------------------------------------
22:13:03:639 [pool-2-thread-3] INFO  com.assignment.core.multithreading.TPEDTask - Task 3 is running on thread pool-2-thread-3
22:13:03:639 [pool-2-thread-2] INFO  com.assignment.core.multithreading.TPEDTask - Task 2 is running on thread pool-2-thread-2
22:13:03:639 [pool-2-thread-1] INFO  com.assignment.core.multithreading.TPEDTask - Task 1 is running on thread pool-2-thread-1
22:13:04:575 [Thread-1] INFO  com.assignment.core.multithreading.MTDTask - Thread-1 - State: RUNNABLE
22:13:04:654 [pool-2-thread-3] INFO  com.assignment.core.multithreading.TPEDTask - Task 3 is completed on thread pool-2-thread-3
22:13:04:654 [pool-2-thread-1] INFO  com.assignment.core.multithreading.TPEDTask - Task 1 is completed on thread pool-2-thread-1
22:13:04:654 [pool-2-thread-2] INFO  com.assignment.core.multithreading.TPEDTask - Task 2 is completed on thread pool-2-thread-2
22:13:04:655 [pool-2-thread-1] INFO  com.assignment.core.multithreading.TPEDTask - Task 4 is running on thread pool-2-thread-1
22:13:04:655 [pool-2-thread-3] INFO  com.assignment.core.multithreading.TPEDTask - Task 5 is running on thread pool-2-thread-3
22:13:04:656 [pool-2-thread-2] INFO  com.assignment.core.multithreading.TPEDTask - Task 6 is running on thread pool-2-thread-2
22:13:05:575 [Thread-2] INFO  com.assignment.core.multithreading.MTDTask - Thread-2 - Count: 6000
22:13:05:637 [main] INFO  com.assignment.core.multithreading.ThreadPoolExecutorDemo - All tasks are finished.
22:13:05:639 [pool-2-thread-1] INFO  com.assignment.core.multithreading.TPEDTask - Task 4 was interrupted.
22:13:05:639 [pool-2-thread-3] INFO  com.assignment.core.multithreading.TPEDTask - Task 5 was interrupted.
22:13:05:639 [pool-2-thread-2] INFO  com.assignment.core.multithreading.TPEDTask - Task 6 was interrupted.
22:13:05:639 [pool-2-thread-3] INFO  com.assignment.core.multithreading.TPEDTask - Task 5 is completed on thread pool-2-thread-3
22:13:05:639 [pool-2-thread-2] INFO  com.assignment.core.multithreading.TPEDTask - Task 6 is completed on thread pool-2-thread-2
22:13:05:639 [pool-2-thread-1] INFO  com.assignment.core.multithreading.TPEDTask - Task 4 is completed on thread pool-2-thread-1
22:13:07:576 [Thread-2] INFO  com.assignment.core.multithreading.MTDTask - Thread-2 - Count: 8000
22:13:09:524 [main] INFO  com.assignment.core.multithreading.VolatileDemo - ---------------------------------------------------------
22:13:09:526 [main] INFO  com.assignment.core.multithreading.VolatileDemo - Thread Thread-0 is starting.
22:13:09:527 [Thread-0] INFO  com.assignment.core.multithreading.VolatileDemo - Running...
22:13:09:584 [Thread-2] INFO  com.assignment.core.multithreading.MTDTask - Thread-2 - State: RUNNABLE
22:13:09:584 [main] INFO  com.assignment.core.multithreading.MultiThreadingDemo - Thread-1 - State: TERMINATED
22:13:09:584 [main] INFO  com.assignment.core.multithreading.MultiThreadingDemo - Thread-2 - State: TERMINATED
22:13:10:542 [Thread-0] INFO  com.assignment.core.multithreading.VolatileDemo - Running...
22:13:11:551 [Thread-0] INFO  com.assignment.core.multithreading.VolatileDemo - Running...
22:13:12:565 [Thread-0] INFO  com.assignment.core.multithreading.VolatileDemo - Thread Thread-0 is stopping.
22:13:12:566 [main] INFO  com.assignment.core.multithreading.VolatileDemo - Main thread finished.
22:13:15:589 [main] INFO  com.assignment.core.multithreading.SynchronizedDemo - ---------------------------------------------------------
22:13:15:595 [Thread-1] INFO  com.assignment.core.multithreading.IncrementTask - Thread-1 - Count: 1
22:13:15:595 [Thread-0] INFO  com.assignment.core.multithreading.IncrementTask - Thread-0 - Count: 2
22:13:15:595 [Thread-1] INFO  com.assignment.core.multithreading.IncrementTask - Thread-1 - Count: 3
22:13:15:595 [Thread-0] INFO  com.assignment.core.multithreading.IncrementTask - Thread-0 - Count: 4
22:13:15:595 [Thread-1] INFO  com.assignment.core.multithreading.IncrementTask - Thread-1 - Count: 5
22:13:15:595 [Thread-0] INFO  com.assignment.core.multithreading.IncrementTask - Thread-0 - Count: 6
22:13:15:595 [Thread-1] INFO  com.assignment.core.multithreading.IncrementTask - Thread-1 - Count: 7
22:13:15:595 [Thread-0] INFO  com.assignment.core.multithreading.IncrementTask - Thread-0 - Count: 8
22:13:15:595 [Thread-1] INFO  com.assignment.core.multithreading.IncrementTask - Thread-1 - Count: 9
22:13:15:595 [Thread-0] INFO  com.assignment.core.multithreading.IncrementTask - Thread-0 - Count: 10
22:13:15:595 [Thread-1] INFO  com.assignment.core.multithreading.IncrementTask - Thread-1 - Count: 11
22:13:15:595 [Thread-0] INFO  com.assignment.core.multithreading.IncrementTask - Thread-0 - Count: 12
22:13:15:595 [Thread-0] INFO  com.assignment.core.multithreading.IncrementTask - Thread-0 - Count: 13
22:13:15:595 [Thread-1] INFO  com.assignment.core.multithreading.IncrementTask - Thread-1 - Count: 14
22:13:15:595 [Thread-0] INFO  com.assignment.core.multithreading.IncrementTask - Thread-0 - Count: 15
22:13:15:595 [Thread-1] INFO  com.assignment.core.multithreading.IncrementTask - Thread-1 - Count: 16
22:13:15:595 [Thread-0] INFO  com.assignment.core.multithreading.IncrementTask - Thread-0 - Count: 17
22:13:15:596 [Thread-1] INFO  com.assignment.core.multithreading.IncrementTask - Thread-1 - Count: 18
22:13:15:596 [Thread-0] INFO  com.assignment.core.multithreading.IncrementTask - Thread-0 - Count: 19
22:13:15:596 [Thread-1] INFO  com.assignment.core.multithreading.IncrementTask - Thread-1 - Count: 20
22:13:15:596 [main] INFO  com.assignment.core.multithreading.SynchronizedDemo - Final count: 20
